<?xml version="1.0" encoding="UTF-8" ?>
<testsuite errors="0" failures="1" hostname="NW980944" name="com.uber.pizza.ToppingsControllerTests" tests="1" time="1.057" timestamp="2012-12-11T14:30:08">
  <properties />
  <testcase classname="com.uber.pizza.ToppingsControllerTests" name="testSomething" time="1.053">
    <failure message="junit.framework.AssertionFailedError: Implement me" type="junit.framework.AssertionFailedError">junit.framework.AssertionFailedError: junit.framework.AssertionFailedError: Implement me
	at com.uber.pizza.ToppingsControllerTests.testSomething(ToppingsControllerTests.groovy:15)
</failure>
  </testcase>
  <system-out><![CDATA[--Output from testSomething--
]]></system-out>
  <system-err><![CDATA[--Output from testSomething--
]]></system-err>
</testsuite>
